mode: set
github.com/timenglesf/hivebox/cmd/api/cfg.go:22.38,27.23 4 1
github.com/timenglesf/hivebox/cmd/api/cfg.go:27.23,29.3 1 1
github.com/timenglesf/hivebox/cmd/api/cfg.go:31.2,33.17 2 1
github.com/timenglesf/hivebox/cmd/api/cfg.go:36.46,38.2 1 1
github.com/timenglesf/hivebox/cmd/api/cfg.go:40.32,48.21 3 1
github.com/timenglesf/hivebox/cmd/api/cfg.go:48.21,52.15 3 1
github.com/timenglesf/hivebox/cmd/api/cfg.go:52.15,54.4 1 1
github.com/timenglesf/hivebox/cmd/api/cfg.go:56.3,56.14 1 1
github.com/timenglesf/hivebox/cmd/api/cfg.go:59.2,59.12 1 1
github.com/timenglesf/hivebox/cmd/api/get_temperature.go:17.3,20.16 2 1
github.com/timenglesf/hivebox/cmd/api/get_temperature.go:20.16,23.3 2 1
github.com/timenglesf/hivebox/cmd/api/get_temperature.go:26.2,27.25 2 1
github.com/timenglesf/hivebox/cmd/api/get_temperature.go:27.25,29.17 2 0
github.com/timenglesf/hivebox/cmd/api/get_temperature.go:29.17,31.12 2 0
github.com/timenglesf/hivebox/cmd/api/get_temperature.go:33.3,33.27 1 0
github.com/timenglesf/hivebox/cmd/api/get_temperature.go:36.2,40.16 3 1
github.com/timenglesf/hivebox/cmd/api/get_temperature.go:40.16,47.3 2 0
github.com/timenglesf/hivebox/cmd/api/get_temperature.go:51.76,62.42 6 1
github.com/timenglesf/hivebox/cmd/api/get_temperature.go:62.42,64.22 1 1
github.com/timenglesf/hivebox/cmd/api/get_temperature.go:64.22,67.18 3 1
github.com/timenglesf/hivebox/cmd/api/get_temperature.go:67.18,70.5 2 1
github.com/timenglesf/hivebox/cmd/api/get_temperature.go:71.4,71.28 1 0
github.com/timenglesf/hivebox/cmd/api/get_temperature.go:75.2,79.26 4 1
github.com/timenglesf/hivebox/cmd/api/get_temperature.go:79.26,81.3 1 0
github.com/timenglesf/hivebox/cmd/api/get_temperature.go:83.2,83.22 1 1
github.com/timenglesf/hivebox/cmd/api/get_temperature.go:83.22,85.3 1 1
github.com/timenglesf/hivebox/cmd/api/get_temperature.go:87.2,87.18 1 0
github.com/timenglesf/hivebox/cmd/api/get_temperature.go:91.90,94.33 3 0
github.com/timenglesf/hivebox/cmd/api/get_temperature.go:94.33,95.92 1 0
github.com/timenglesf/hivebox/cmd/api/get_temperature.go:95.92,96.60 1 0
github.com/timenglesf/hivebox/cmd/api/get_temperature.go:96.60,98.19 2 0
github.com/timenglesf/hivebox/cmd/api/get_temperature.go:98.19,100.6 1 0
github.com/timenglesf/hivebox/cmd/api/get_temperature.go:104.2,104.15 1 0
github.com/timenglesf/hivebox/cmd/api/get_temperature.go:108.41,109.23 1 1
github.com/timenglesf/hivebox/cmd/api/get_temperature.go:109.23,111.3 1 1
github.com/timenglesf/hivebox/cmd/api/get_temperature.go:113.2,114.33 2 0
github.com/timenglesf/hivebox/cmd/api/get_temperature.go:114.33,116.3 1 0
github.com/timenglesf/hivebox/cmd/api/get_temperature.go:118.2,118.36 1 0
github.com/timenglesf/hivebox/cmd/api/get_version.go:14.3,20.16 3 1
github.com/timenglesf/hivebox/cmd/api/get_version.go:20.16,27.3 2 0
github.com/timenglesf/hivebox/cmd/api/helpers.go:27.25,34.2 2 1
github.com/timenglesf/hivebox/cmd/api/helpers.go:37.56,46.2 1 1
github.com/timenglesf/hivebox/cmd/api/helpers.go:49.34,52.2 2 1
github.com/timenglesf/hivebox/cmd/api/helpers.go:62.107,64.16 2 1
github.com/timenglesf/hivebox/cmd/api/helpers.go:64.16,66.3 1 0
github.com/timenglesf/hivebox/cmd/api/helpers.go:68.2,70.34 2 1
github.com/timenglesf/hivebox/cmd/api/helpers.go:70.34,72.3 1 0
github.com/timenglesf/hivebox/cmd/api/helpers.go:74.2,77.39 3 1
github.com/timenglesf/hivebox/cmd/api/helpers.go:77.39,79.3 1 0
github.com/timenglesf/hivebox/cmd/api/helpers.go:81.2,81.12 1 1
github.com/timenglesf/hivebox/cmd/api/helpers.go:86.46,88.17 2 1
github.com/timenglesf/hivebox/cmd/api/helpers.go:88.17,90.3 1 1
github.com/timenglesf/hivebox/cmd/api/helpers.go:91.2,91.14 1 1
github.com/timenglesf/hivebox/cmd/api/main.go:13.13,16.16 3 0
github.com/timenglesf/hivebox/cmd/api/main.go:16.16,17.13 1 0
github.com/timenglesf/hivebox/cmd/api/main.go:19.2,20.16 2 0
github.com/timenglesf/hivebox/cmd/api/main.go:20.16,21.13 1 0
github.com/timenglesf/hivebox/cmd/api/main.go:24.2,27.33 3 0
github.com/timenglesf/hivebox/cmd/api/routes.go:10.47,19.2 6 1
github.com/timenglesf/hivebox/cmd/api/test_utils.go:18.89,19.28 1 1
github.com/timenglesf/hivebox/cmd/api/test_utils.go:19.28,21.17 2 1
github.com/timenglesf/hivebox/cmd/api/test_utils.go:21.17,23.4 1 0
github.com/timenglesf/hivebox/cmd/api/test_utils.go:24.3,24.33 1 1
github.com/timenglesf/hivebox/cmd/api/test_utils.go:27.2,28.16 2 1
github.com/timenglesf/hivebox/cmd/api/test_utils.go:28.16,30.3 1 0
github.com/timenglesf/hivebox/cmd/api/test_utils.go:32.2,38.8 2 1
github.com/timenglesf/hivebox/cmd/api/test_utils.go:47.62,50.2 2 1
github.com/timenglesf/hivebox/cmd/api/test_utils.go:54.98,56.16 2 1
github.com/timenglesf/hivebox/cmd/api/test_utils.go:56.16,58.3 1 0
github.com/timenglesf/hivebox/cmd/api/test_utils.go:59.2,62.16 3 1
github.com/timenglesf/hivebox/cmd/api/test_utils.go:62.16,64.3 1 1
github.com/timenglesf/hivebox/cmd/api/test_utils.go:66.2,66.38 1 1
github.com/timenglesf/hivebox/internal/sensebox/sensebox.go:57.78,76.16 7 0
github.com/timenglesf/hivebox/internal/sensebox/sensebox.go:76.16,78.3 1 0
github.com/timenglesf/hivebox/internal/sensebox/sensebox.go:81.2,81.37 1 0
github.com/timenglesf/hivebox/internal/sensebox/sensebox.go:81.37,82.68 1 0
github.com/timenglesf/hivebox/internal/sensebox/sensebox.go:82.68,84.4 1 0
github.com/timenglesf/hivebox/internal/sensebox/sensebox.go:85.3,85.61 1 0
github.com/timenglesf/hivebox/internal/sensebox/sensebox.go:89.2,89.63 1 0
github.com/timenglesf/hivebox/internal/sensebox/sensebox.go:89.63,91.3 1 0
github.com/timenglesf/hivebox/internal/sensebox/sensebox.go:93.2,93.18 1 0
github.com/timenglesf/hivebox/internal/sensebox/sensebox_mock.go:17.82,18.12 1 1
github.com/timenglesf/hivebox/internal/sensebox/sensebox_mock.go:19.27,20.29 1 1
github.com/timenglesf/hivebox/internal/sensebox/sensebox_mock.go:21.20,22.29 1 0
github.com/timenglesf/hivebox/internal/sensebox/sensebox_mock.go:23.27,24.29 1 1
github.com/timenglesf/hivebox/internal/sensebox/sensebox_mock.go:25.20,26.29 1 0
github.com/timenglesf/hivebox/internal/sensebox/sensebox_mock.go:27.27,28.29 1 1
github.com/timenglesf/hivebox/internal/sensebox/sensebox_mock.go:29.20,30.29 1 0
github.com/timenglesf/hivebox/internal/sensebox/sensebox_mock.go:31.10,32.73 1 1
